[02:52:39] [ServerMain/INFO]: Environment: Environment[sessionHost=https://sessionserver.mojang.com, servicesHost=https://api.minecraftservices.com, name=PROD]
[02:52:40] [ServerMain/INFO]: No existing world data, creating new world
[02:52:41] [ServerMain/INFO]: Loaded 1290 recipes
[02:52:42] [ServerMain/INFO]: Loaded 1399 advancements
[02:52:42] [Server thread/INFO]: Starting minecraft server version 1.21
[02:52:42] [Server thread/INFO]: Loading properties
[02:52:42] [Server thread/INFO]: Default game type: SURVIVAL
[02:52:42] [Server thread/INFO]: Generating keypair
[02:52:42] [Server thread/INFO]: Starting Minecraft server on *:25565
[02:52:42] [Server thread/INFO]: Using epoll channel type
[02:52:42] [Server thread/WARN]: **** SERVER IS RUNNING IN OFFLINE/INSECURE MODE!
[02:52:42] [Server thread/WARN]: The server will make no attempt to authenticate usernames. Beware.
[02:52:42] [Server thread/WARN]: While this makes the game possible to play without internet access, it also opens up the ability for hackers to connect with any username they choose.
[02:52:42] [Server thread/WARN]: To change this, set "online-mode" to "true" in the server.properties file.
[02:52:42] [Server thread/INFO]: Preparing level "world"
[02:52:55] [Server thread/INFO]: Preparing start region for dimension minecraft:overworld
[02:52:55] [Worker-Main-1/INFO]: Preparing spawn area: 2%
[02:52:55] [Worker-Main-1/INFO]: Preparing spawn area: 2%
[02:52:56] [Worker-Main-1/INFO]: Preparing spawn area: 2%
[02:52:56] [Worker-Main-1/INFO]: Preparing spawn area: 2%
[02:52:57] [Worker-Main-1/INFO]: Preparing spawn area: 2%
[02:52:57] [Worker-Main-1/INFO]: Preparing spawn area: 2%
[02:52:58] [Worker-Main-1/INFO]: Preparing spawn area: 2%
[02:52:58] [Worker-Main-1/INFO]: Preparing spawn area: 2%
[02:52:59] [Worker-Main-1/INFO]: Preparing spawn area: 2%
[02:52:59] [Worker-Main-1/INFO]: Preparing spawn area: 2%
[02:53:00] [Worker-Main-1/INFO]: Preparing spawn area: 2%
[02:53:00] [Worker-Main-1/INFO]: Preparing spawn area: 2%
[02:53:01] [Worker-Main-1/INFO]: Preparing spawn area: 2%
[02:53:01] [Worker-Main-1/INFO]: Preparing spawn area: 2%
[02:53:02] [Worker-Main-1/INFO]: Preparing spawn area: 2%
[02:53:02] [Worker-Main-1/INFO]: Preparing spawn area: 2%
[02:53:03] [Worker-Main-1/INFO]: Preparing spawn area: 2%
[02:53:03] [Worker-Main-1/INFO]: Preparing spawn area: 6%
[02:53:04] [Server thread/INFO]: Time elapsed: 9037 ms
[02:53:04] [Server thread/INFO]: Done (21.107s)! For help, type "help"
[03:01:18] [Server thread/INFO]: IngenieroAlan[/127.213.113.229:39481] logged in with entity id 37 at (-23.5, 77.0, -37.5)
[03:01:18] [Server thread/INFO]: IngenieroAlan joined the game
[03:02:42] [Server thread/INFO]: IngenieroAlan has made the advancement [Stone Age]
[03:03:16] [Server thread/INFO]: IngenieroAlan has made the advancement [Getting an Upgrade]
[03:04:39] [Server thread/WARN]: IngenieroAlan moved too quickly! -0.8613854107914705,2.7531999805212024,-9.76063196989736
[03:08:32] [Server thread/INFO]: IngenieroAlan has made the advancement [Monster Hunter]
[03:11:25] [Server thread/INFO]: IngenieroAlan has made the advancement [Acquire Hardware]
[03:12:39] [Server thread/INFO]: IngenieroAlan has made the advancement [Isn't It Iron Pick]
